-- enable_extension("plpgsql")
   -> 0.0199s
-- create_table("athlete_stories", {:force=>:cascade})
   -> 0.0061s
-- add_index("athlete_stories", ["user_id"], {:name=>"index_athlete_stories_on_user_id", :using=>:btree})
   -> 0.0040s
-- create_table("buckets", {:force=>:cascade})
   -> 0.0053s
-- add_index("buckets", ["grade_system_id"], {:name=>"index_buckets_on_grade_system_id", :using=>:btree})
   -> 0.0037s
-- create_table("climb_logs", {:force=>:cascade})
   -> 0.0035s
-- add_index("climb_logs", ["athlete_story_id"], {:name=>"index_climb_logs_on_athlete_story_id", :using=>:btree})
   -> 0.0042s
-- add_index("climb_logs", ["climb_id"], {:name=>"index_climb_logs_on_climb_id", :using=>:btree})
   -> 0.0031s
-- create_table("climbs", {:force=>:cascade})
   -> 0.0058s
-- add_index("climbs", ["grade_id"], {:name=>"index_climbs_on_grade_id", :using=>:btree})
   -> 0.0038s
-- add_index("climbs", ["section_id"], {:name=>"index_climbs_on_section_id", :using=>:btree})
   -> 0.0030s
-- create_table("grade_systems", {:force=>:cascade})
   -> 0.0048s
-- create_table("grades", {:force=>:cascade})
   -> 0.0061s
-- add_index("grades", ["bucket_id"], {:name=>"index_grades_on_bucket_id", :using=>:btree})
   -> 0.0041s
-- add_index("grades", ["grade_system_id"], {:name=>"index_grades_on_grade_system_id", :using=>:btree})
   -> 0.0032s
-- create_table("gyms", {:force=>:cascade})
   -> 0.0051s
-- add_index("gyms", ["boulder_grade_system_id"], {:name=>"index_gyms_on_boulder_grade_system_id", :using=>:btree})
   -> 0.0040s
-- add_index("gyms", ["route_grade_system_id"], {:name=>"index_gyms_on_route_grade_system_id", :using=>:btree})
   -> 0.0032s
-- create_table("memberships", {:force=>:cascade})
   -> 0.0042s
-- add_index("memberships", ["athlete_story_id"], {:name=>"index_memberships_on_athlete_story_id", :using=>:btree})
   -> 0.0046s
-- add_index("memberships", ["gym_id"], {:name=>"index_memberships_on_gym_id", :using=>:btree})
   -> 0.0032s
-- create_table("roles", {:force=>:cascade})
   -> 0.0068s
-- add_index("roles", ["name", "resource_type", "resource_id"], {:name=>"index_roles_on_name_and_resource_type_and_resource_id", :using=>:btree})
   -> 0.0052s
-- add_index("roles", ["name"], {:name=>"index_roles_on_name", :using=>:btree})
   -> 0.0035s
-- create_table("sections", {:force=>:cascade})
   -> 0.0071s
-- add_index("sections", ["gym_id"], {:name=>"index_sections_on_gym_id", :using=>:btree})
   -> 0.0036s
-- create_table("seed_migrations", {:force=>:cascade})
   -> 0.0054s
-- create_table("users", {:force=>:cascade})
   -> 0.0074s
-- add_index("users", ["email"], {:name=>"index_users_on_email", :unique=>true, :using=>:btree})
   -> 0.0045s
-- add_index("users", ["reset_password_token"], {:name=>"index_users_on_reset_password_token", :unique=>true, :using=>:btree})
   -> 0.0030s
-- create_table("users_roles", {:id=>false, :force=>:cascade})
   -> 0.0015s
-- add_index("users_roles", ["user_id", "role_id"], {:name=>"index_users_roles_on_user_id_and_role_id", :using=>:btree})
   -> 0.0034s
-- add_foreign_key("athlete_stories", "users")
   -> 0.0022s
-- add_foreign_key("buckets", "grade_systems")
   -> 0.0014s
-- add_foreign_key("climb_logs", "athlete_stories")
   -> 0.0014s
-- add_foreign_key("climb_logs", "climbs")
   -> 0.0016s
-- add_foreign_key("climbs", "grades")
   -> 0.0013s
-- add_foreign_key("climbs", "sections")
   -> 0.0021s
-- add_foreign_key("grades", "buckets")
   -> 0.0017s
-- add_foreign_key("grades", "grade_systems")
   -> 0.0012s
-- add_foreign_key("gyms", "grade_systems", {:column=>"boulder_grade_system_id"})
   -> 0.0013s
-- add_foreign_key("gyms", "grade_systems", {:column=>"route_grade_system_id"})
   -> 0.0013s
-- add_foreign_key("memberships", "athlete_stories")
   -> 0.0015s
-- add_foreign_key("memberships", "gyms")
   -> 0.0012s
-- add_foreign_key("sections", "gyms")
   -> 0.0011s
-- initialize_schema_migrations_table()
   -> 0.0070s
